{"uuid":"2754682d-1d26-413f-9819-ce3df4818977","historyId":"8d5eaa7bee8b9da5e30e5c85de1df641","fullName":"src/test/java/features/AirbnbSearch.feature:6","labels":[{"name":"host","value":"10224-TZD-TRNG"},{"name":"thread","value":"21800@10224-TZD-TRNG.main(1)"},{"name":"feature","value":"Airbnb Search Functionality"},{"name":"story","value":"Verify user can search for steps in a city"},{"name":"suite","value":"Airbnb Search Functionality"},{"name":"testClass","value":"Verify user can search for steps in a city"},{"name":"framework","value":"cucumber4jvm"},{"name":"language","value":"java"},{"name":"gherkin_uri","value":"file:///C:/Users/Sneha.Saxena/eclipse-workspace/projectCucumberAirbnb/src/test/java/features/AirbnbSearch.feature"},{"name":"package","value":"src.test.java.features.AirbnbSearch_feature.Airbnb Search Functionality"}],"links":[],"name":"Verify user can search for steps in a city","status":"broken","statusDetails":{"known":false,"muted":false,"flaky":false,"message":"element not interactable\n  (Session info: chrome=145.0.7632.46)\nBuild info: version: '4.39.0', revision: '126f156aee'\nSystem info: os.name: 'Windows 11', os.arch: 'amd64', os.version: '10.0', java.version: '17.0.17'\nDriver info: org.openqa.selenium.chrome.ChromeDriver\nCommand: [1ab34585dcf1811647fd72d5dcf4fb9f, sendKeysToElement {id=f.344DA475222ABE4DBA2276FF2526985A.d.F32C4B5E87247167D5214B92AEA3EE6A.e.31, value=[Ljava.lang.CharSequence;@24fabd0f}]\nCapabilities {acceptInsecureCerts: false, browserName: chrome, browserVersion: 145.0.7632.46, chrome: {chromedriverVersion: 145.0.7632.46 (9b899469dedf..., userDataDir: C:\\Users\\SNEHA~1.SAX\\AppDat...}, fedcm:accounts: true, goog:chromeOptions: {debuggerAddress: localhost:63476}, goog:processID: 7020, networkConnectionEnabled: false, pageLoadStrategy: normal, platformName: windows, proxy: Proxy(), se:cdp: ws://localhost:63476/devtoo..., se:cdpVersion: 145.0.7632.46, setWindowRect: true, strictFileInteractability: false, timeouts: {implicit: 0, pageLoad: 300000, script: 30000}, unhandledPromptBehavior: dismiss and notify, webauthn:extension:credBlob: true, webauthn:extension:largeBlob: true, webauthn:extension:minPinLength: true, webauthn:extension:prf: true, webauthn:virtualAuthenticators: true}\nElement: [[ChromeDriver: chrome on windows (1ab34585dcf1811647fd72d5dcf4fb9f)] -> xpath: //input[@placeholder='Search destinations']]\nSession ID: 1ab34585dcf1811647fd72d5dcf4fb9f","trace":"org.openqa.selenium.ElementNotInteractableException: element not interactable\n  (Session info: chrome=145.0.7632.46)\nBuild info: version: '4.39.0', revision: '126f156aee'\nSystem info: os.name: 'Windows 11', os.arch: 'amd64', os.version: '10.0', java.version: '17.0.17'\nDriver info: org.openqa.selenium.chrome.ChromeDriver\nCommand: [1ab34585dcf1811647fd72d5dcf4fb9f, sendKeysToElement {id=f.344DA475222ABE4DBA2276FF2526985A.d.F32C4B5E87247167D5214B92AEA3EE6A.e.31, value=[Ljava.lang.CharSequence;@24fabd0f}]\nCapabilities {acceptInsecureCerts: false, browserName: chrome, browserVersion: 145.0.7632.46, chrome: {chromedriverVersion: 145.0.7632.46 (9b899469dedf..., userDataDir: C:\\Users\\SNEHA~1.SAX\\AppDat...}, fedcm:accounts: true, goog:chromeOptions: {debuggerAddress: localhost:63476}, goog:processID: 7020, networkConnectionEnabled: false, pageLoadStrategy: normal, platformName: windows, proxy: Proxy(), se:cdp: ws://localhost:63476/devtoo..., se:cdpVersion: 145.0.7632.46, setWindowRect: true, strictFileInteractability: false, timeouts: {implicit: 0, pageLoad: 300000, script: 30000}, unhandledPromptBehavior: dismiss and notify, webauthn:extension:credBlob: true, webauthn:extension:largeBlob: true, webauthn:extension:minPinLength: true, webauthn:extension:prf: true, webauthn:virtualAuthenticators: true}\nElement: [[ChromeDriver: chrome on windows (1ab34585dcf1811647fd72d5dcf4fb9f)] -> xpath: //input[@placeholder='Search destinations']]\nSession ID: 1ab34585dcf1811647fd72d5dcf4fb9f\r\n\tat java.base/jdk.internal.reflect.NativeConstructorAccessorImpl.newInstance0(Native Method)\r\n\tat java.base/jdk.internal.reflect.NativeConstructorAccessorImpl.newInstance(NativeConstructorAccessorImpl.java:77)\r\n\tat java.base/jdk.internal.reflect.DelegatingConstructorAccessorImpl.newInstance(DelegatingConstructorAccessorImpl.java:45)\r\n\tat java.base/java.lang.reflect.Constructor.newInstanceWithCaller(Constructor.java:500)\r\n\tat java.base/java.lang.reflect.Constructor.newInstance(Constructor.java:481)\r\n\tat org.openqa.selenium.remote.ErrorCodec.decode(ErrorCodec.java:167)\r\n\tat org.openqa.selenium.remote.codec.w3c.W3CHttpResponseCodec.decode(W3CHttpResponseCodec.java:142)\r\n\tat org.openqa.selenium.remote.codec.w3c.W3CHttpResponseCodec.decode(W3CHttpResponseCodec.java:49)\r\n\tat org.openqa.selenium.remote.HttpCommandExecutor.execute(HttpCommandExecutor.java:215)\r\n\tat org.openqa.selenium.remote.service.DriverCommandExecutor.invokeExecute(DriverCommandExecutor.java:216)\r\n\tat org.openqa.selenium.remote.service.DriverCommandExecutor.execute(DriverCommandExecutor.java:174)\r\n\tat org.openqa.selenium.remote.RemoteWebDriver.execute(RemoteWebDriver.java:561)\r\n\tat org.openqa.selenium.remote.RemoteWebElement.execute(RemoteWebElement.java:223)\r\n\tat org.openqa.selenium.remote.RemoteWebElement.sendKeys(RemoteWebElement.java:110)\r\n\tat stepDefinitions.AirbnbSearchSteps.user_enters_location(AirbnbSearchSteps.java:26)\r\n\tat ✽.User enters location \"Delhi\"(file:///C:/Users/Sneha.Saxena/eclipse-workspace/projectCucumberAirbnb/src/test/java/features/AirbnbSearch.feature:7)\r\n"},"stage":"finished","steps":[{"name":"Given  User launches the Airbnb application","status":"passed","statusDetails":{"known":false,"muted":false,"flaky":false},"stage":"finished","steps":[],"attachments":[],"parameters":[],"start":1770885186052,"stop":1770885186058},{"name":"When  User enters location \"Delhi\"","status":"broken","statusDetails":{"known":false,"muted":false,"flaky":false,"message":"element not interactable\n  (Session info: chrome=145.0.7632.46)\nBuild info: version: '4.39.0', revision: '126f156aee'\nSystem info: os.name: 'Windows 11', os.arch: 'amd64', os.version: '10.0', java.version: '17.0.17'\nDriver info: org.openqa.selenium.chrome.ChromeDriver\nCommand: [1ab34585dcf1811647fd72d5dcf4fb9f, sendKeysToElement {id=f.344DA475222ABE4DBA2276FF2526985A.d.F32C4B5E87247167D5214B92AEA3EE6A.e.31, value=[Ljava.lang.CharSequence;@24fabd0f}]\nCapabilities {acceptInsecureCerts: false, browserName: chrome, browserVersion: 145.0.7632.46, chrome: {chromedriverVersion: 145.0.7632.46 (9b899469dedf..., userDataDir: C:\\Users\\SNEHA~1.SAX\\AppDat...}, fedcm:accounts: true, goog:chromeOptions: {debuggerAddress: localhost:63476}, goog:processID: 7020, networkConnectionEnabled: false, pageLoadStrategy: normal, platformName: windows, proxy: Proxy(), se:cdp: ws://localhost:63476/devtoo..., se:cdpVersion: 145.0.7632.46, setWindowRect: true, strictFileInteractability: false, timeouts: {implicit: 0, pageLoad: 300000, script: 30000}, unhandledPromptBehavior: dismiss and notify, webauthn:extension:credBlob: true, webauthn:extension:largeBlob: true, webauthn:extension:minPinLength: true, webauthn:extension:prf: true, webauthn:virtualAuthenticators: true}\nElement: [[ChromeDriver: chrome on windows (1ab34585dcf1811647fd72d5dcf4fb9f)] -> xpath: //input[@placeholder='Search destinations']]\nSession ID: 1ab34585dcf1811647fd72d5dcf4fb9f","trace":"org.openqa.selenium.ElementNotInteractableException: element not interactable\n  (Session info: chrome=145.0.7632.46)\nBuild info: version: '4.39.0', revision: '126f156aee'\nSystem info: os.name: 'Windows 11', os.arch: 'amd64', os.version: '10.0', java.version: '17.0.17'\nDriver info: org.openqa.selenium.chrome.ChromeDriver\nCommand: [1ab34585dcf1811647fd72d5dcf4fb9f, sendKeysToElement {id=f.344DA475222ABE4DBA2276FF2526985A.d.F32C4B5E87247167D5214B92AEA3EE6A.e.31, value=[Ljava.lang.CharSequence;@24fabd0f}]\nCapabilities {acceptInsecureCerts: false, browserName: chrome, browserVersion: 145.0.7632.46, chrome: {chromedriverVersion: 145.0.7632.46 (9b899469dedf..., userDataDir: C:\\Users\\SNEHA~1.SAX\\AppDat...}, fedcm:accounts: true, goog:chromeOptions: {debuggerAddress: localhost:63476}, goog:processID: 7020, networkConnectionEnabled: false, pageLoadStrategy: normal, platformName: windows, proxy: Proxy(), se:cdp: ws://localhost:63476/devtoo..., se:cdpVersion: 145.0.7632.46, setWindowRect: true, strictFileInteractability: false, timeouts: {implicit: 0, pageLoad: 300000, script: 30000}, unhandledPromptBehavior: dismiss and notify, webauthn:extension:credBlob: true, webauthn:extension:largeBlob: true, webauthn:extension:minPinLength: true, webauthn:extension:prf: true, webauthn:virtualAuthenticators: true}\nElement: [[ChromeDriver: chrome on windows (1ab34585dcf1811647fd72d5dcf4fb9f)] -> xpath: //input[@placeholder='Search destinations']]\nSession ID: 1ab34585dcf1811647fd72d5dcf4fb9f\r\n\tat java.base/jdk.internal.reflect.NativeConstructorAccessorImpl.newInstance0(Native Method)\r\n\tat java.base/jdk.internal.reflect.NativeConstructorAccessorImpl.newInstance(NativeConstructorAccessorImpl.java:77)\r\n\tat java.base/jdk.internal.reflect.DelegatingConstructorAccessorImpl.newInstance(DelegatingConstructorAccessorImpl.java:45)\r\n\tat java.base/java.lang.reflect.Constructor.newInstanceWithCaller(Constructor.java:500)\r\n\tat java.base/java.lang.reflect.Constructor.newInstance(Constructor.java:481)\r\n\tat org.openqa.selenium.remote.ErrorCodec.decode(ErrorCodec.java:167)\r\n\tat org.openqa.selenium.remote.codec.w3c.W3CHttpResponseCodec.decode(W3CHttpResponseCodec.java:142)\r\n\tat org.openqa.selenium.remote.codec.w3c.W3CHttpResponseCodec.decode(W3CHttpResponseCodec.java:49)\r\n\tat org.openqa.selenium.remote.HttpCommandExecutor.execute(HttpCommandExecutor.java:215)\r\n\tat org.openqa.selenium.remote.service.DriverCommandExecutor.invokeExecute(DriverCommandExecutor.java:216)\r\n\tat org.openqa.selenium.remote.service.DriverCommandExecutor.execute(DriverCommandExecutor.java:174)\r\n\tat org.openqa.selenium.remote.RemoteWebDriver.execute(RemoteWebDriver.java:561)\r\n\tat org.openqa.selenium.remote.RemoteWebElement.execute(RemoteWebElement.java:223)\r\n\tat org.openqa.selenium.remote.RemoteWebElement.sendKeys(RemoteWebElement.java:110)\r\n\tat stepDefinitions.AirbnbSearchSteps.user_enters_location(AirbnbSearchSteps.java:26)\r\n\tat ✽.User enters location \"Delhi\"(file:///C:/Users/Sneha.Saxena/eclipse-workspace/projectCucumberAirbnb/src/test/java/features/AirbnbSearch.feature:7)\r\n"},"stage":"finished","steps":[],"attachments":[],"parameters":[],"start":1770885186059,"stop":1770885186951},{"name":"And  User selects check-in and check-out dates","status":"skipped","statusDetails":{"known":false,"muted":false,"flaky":false},"stage":"finished","steps":[],"attachments":[],"parameters":[],"start":1770885186954,"stop":1770885186954},{"name":"And  User clicks on Search button","status":"skipped","statusDetails":{"known":false,"muted":false,"flaky":false},"stage":"finished","steps":[],"attachments":[],"parameters":[],"start":1770885186954,"stop":1770885186955},{"name":"Then  Search results page should be displayed","status":"skipped","statusDetails":{"known":false,"muted":false,"flaky":false},"stage":"finished","steps":[],"attachments":[],"parameters":[],"start":1770885186955,"stop":1770885186955}],"attachments":[],"parameters":[],"start":1770885166798,"stop":1770885198255}