{"uuid":"d2a3a996-db15-42ad-91b0-aee536ad6021","historyId":"8d5eaa7bee8b9da5e30e5c85de1df641","fullName":"src/test/java/features/AirbnbSearch.feature:6","labels":[{"name":"host","value":"10224-TZD-TRNG"},{"name":"thread","value":"19144@10224-TZD-TRNG.main(1)"},{"name":"feature","value":"Airbnb Search Functionality"},{"name":"story","value":"Verify user can search for steps in a city"},{"name":"suite","value":"Airbnb Search Functionality"},{"name":"testClass","value":"Verify user can search for steps in a city"},{"name":"framework","value":"cucumber4jvm"},{"name":"language","value":"java"},{"name":"gherkin_uri","value":"file:///C:/Users/Sneha.Saxena/eclipse-workspace/projectCucumberAirbnb/src/test/java/features/AirbnbSearch.feature"},{"name":"package","value":"src.test.java.features.AirbnbSearch_feature.Airbnb Search Functionality"}],"links":[],"name":"Verify user can search for steps in a city","status":"broken","statusDetails":{"known":false,"muted":false,"flaky":false,"message":"element not interactable\n  (Session info: chrome=145.0.7632.46)\nBuild info: version: '4.39.0', revision: '126f156aee'\nSystem info: os.name: 'Windows 11', os.arch: 'amd64', os.version: '10.0', java.version: '17.0.17'\nDriver info: org.openqa.selenium.chrome.ChromeDriver\nCommand: [8a76efbc150c9c154f6a7ba42c61ddea, sendKeysToElement {value=[Ljava.lang.CharSequence;@2b8d084, id=f.7041400E585B7809DD9D10BA325C813D.d.7A298C52A5E6F766662249AD8AAA9AF6.e.34}]\nCapabilities {acceptInsecureCerts: false, browserName: chrome, browserVersion: 145.0.7632.46, chrome: {chromedriverVersion: 145.0.7632.46 (9b899469dedf..., userDataDir: C:\\Users\\SNEHA~1.SAX\\AppDat...}, fedcm:accounts: true, goog:chromeOptions: {debuggerAddress: localhost:52279}, goog:processID: 17928, networkConnectionEnabled: false, pageLoadStrategy: normal, platformName: windows, proxy: Proxy(), se:cdp: ws://localhost:52279/devtoo..., se:cdpVersion: 145.0.7632.46, setWindowRect: true, strictFileInteractability: false, timeouts: {implicit: 0, pageLoad: 300000, script: 30000}, unhandledPromptBehavior: dismiss and notify, webauthn:extension:credBlob: true, webauthn:extension:largeBlob: true, webauthn:extension:minPinLength: true, webauthn:extension:prf: true, webauthn:virtualAuthenticators: true}\nElement: [[ChromeDriver: chrome on windows (8a76efbc150c9c154f6a7ba42c61ddea)] -> xpath: //input[@placeholder='Search destinations']]\nSession ID: 8a76efbc150c9c154f6a7ba42c61ddea","trace":"org.openqa.selenium.ElementNotInteractableException: element not interactable\n  (Session info: chrome=145.0.7632.46)\nBuild info: version: '4.39.0', revision: '126f156aee'\nSystem info: os.name: 'Windows 11', os.arch: 'amd64', os.version: '10.0', java.version: '17.0.17'\nDriver info: org.openqa.selenium.chrome.ChromeDriver\nCommand: [8a76efbc150c9c154f6a7ba42c61ddea, sendKeysToElement {value=[Ljava.lang.CharSequence;@2b8d084, id=f.7041400E585B7809DD9D10BA325C813D.d.7A298C52A5E6F766662249AD8AAA9AF6.e.34}]\nCapabilities {acceptInsecureCerts: false, browserName: chrome, browserVersion: 145.0.7632.46, chrome: {chromedriverVersion: 145.0.7632.46 (9b899469dedf..., userDataDir: C:\\Users\\SNEHA~1.SAX\\AppDat...}, fedcm:accounts: true, goog:chromeOptions: {debuggerAddress: localhost:52279}, goog:processID: 17928, networkConnectionEnabled: false, pageLoadStrategy: normal, platformName: windows, proxy: Proxy(), se:cdp: ws://localhost:52279/devtoo..., se:cdpVersion: 145.0.7632.46, setWindowRect: true, strictFileInteractability: false, timeouts: {implicit: 0, pageLoad: 300000, script: 30000}, unhandledPromptBehavior: dismiss and notify, webauthn:extension:credBlob: true, webauthn:extension:largeBlob: true, webauthn:extension:minPinLength: true, webauthn:extension:prf: true, webauthn:virtualAuthenticators: true}\nElement: [[ChromeDriver: chrome on windows (8a76efbc150c9c154f6a7ba42c61ddea)] -> xpath: //input[@placeholder='Search destinations']]\nSession ID: 8a76efbc150c9c154f6a7ba42c61ddea\r\n\tat java.base/jdk.internal.reflect.NativeConstructorAccessorImpl.newInstance0(Native Method)\r\n\tat java.base/jdk.internal.reflect.NativeConstructorAccessorImpl.newInstance(NativeConstructorAccessorImpl.java:77)\r\n\tat java.base/jdk.internal.reflect.DelegatingConstructorAccessorImpl.newInstance(DelegatingConstructorAccessorImpl.java:45)\r\n\tat java.base/java.lang.reflect.Constructor.newInstanceWithCaller(Constructor.java:500)\r\n\tat java.base/java.lang.reflect.Constructor.newInstance(Constructor.java:481)\r\n\tat org.openqa.selenium.remote.ErrorCodec.decode(ErrorCodec.java:167)\r\n\tat org.openqa.selenium.remote.codec.w3c.W3CHttpResponseCodec.decode(W3CHttpResponseCodec.java:142)\r\n\tat org.openqa.selenium.remote.codec.w3c.W3CHttpResponseCodec.decode(W3CHttpResponseCodec.java:49)\r\n\tat org.openqa.selenium.remote.HttpCommandExecutor.execute(HttpCommandExecutor.java:215)\r\n\tat org.openqa.selenium.remote.service.DriverCommandExecutor.invokeExecute(DriverCommandExecutor.java:216)\r\n\tat org.openqa.selenium.remote.service.DriverCommandExecutor.execute(DriverCommandExecutor.java:174)\r\n\tat org.openqa.selenium.remote.RemoteWebDriver.execute(RemoteWebDriver.java:561)\r\n\tat org.openqa.selenium.remote.RemoteWebElement.execute(RemoteWebElement.java:223)\r\n\tat org.openqa.selenium.remote.RemoteWebElement.sendKeys(RemoteWebElement.java:110)\r\n\tat stepDefinitions.AirbnbSearchSteps.user_enters_location(AirbnbSearchSteps.java:26)\r\n\tat ✽.User enters location \"Mumbai\"(file:///C:/Users/Sneha.Saxena/eclipse-workspace/projectCucumberAirbnb/src/test/java/features/AirbnbSearch.feature:7)\r\n"},"stage":"finished","steps":[{"name":"Given  User launches the Airbnb application","status":"passed","statusDetails":{"known":false,"muted":false,"flaky":false},"stage":"finished","steps":[],"attachments":[],"parameters":[],"start":1770885908052,"stop":1770885908057},{"name":"When  User enters location \"Mumbai\"","status":"broken","statusDetails":{"known":false,"muted":false,"flaky":false,"message":"element not interactable\n  (Session info: chrome=145.0.7632.46)\nBuild info: version: '4.39.0', revision: '126f156aee'\nSystem info: os.name: 'Windows 11', os.arch: 'amd64', os.version: '10.0', java.version: '17.0.17'\nDriver info: org.openqa.selenium.chrome.ChromeDriver\nCommand: [8a76efbc150c9c154f6a7ba42c61ddea, sendKeysToElement {value=[Ljava.lang.CharSequence;@2b8d084, id=f.7041400E585B7809DD9D10BA325C813D.d.7A298C52A5E6F766662249AD8AAA9AF6.e.34}]\nCapabilities {acceptInsecureCerts: false, browserName: chrome, browserVersion: 145.0.7632.46, chrome: {chromedriverVersion: 145.0.7632.46 (9b899469dedf..., userDataDir: C:\\Users\\SNEHA~1.SAX\\AppDat...}, fedcm:accounts: true, goog:chromeOptions: {debuggerAddress: localhost:52279}, goog:processID: 17928, networkConnectionEnabled: false, pageLoadStrategy: normal, platformName: windows, proxy: Proxy(), se:cdp: ws://localhost:52279/devtoo..., se:cdpVersion: 145.0.7632.46, setWindowRect: true, strictFileInteractability: false, timeouts: {implicit: 0, pageLoad: 300000, script: 30000}, unhandledPromptBehavior: dismiss and notify, webauthn:extension:credBlob: true, webauthn:extension:largeBlob: true, webauthn:extension:minPinLength: true, webauthn:extension:prf: true, webauthn:virtualAuthenticators: true}\nElement: [[ChromeDriver: chrome on windows (8a76efbc150c9c154f6a7ba42c61ddea)] -> xpath: //input[@placeholder='Search destinations']]\nSession ID: 8a76efbc150c9c154f6a7ba42c61ddea","trace":"org.openqa.selenium.ElementNotInteractableException: element not interactable\n  (Session info: chrome=145.0.7632.46)\nBuild info: version: '4.39.0', revision: '126f156aee'\nSystem info: os.name: 'Windows 11', os.arch: 'amd64', os.version: '10.0', java.version: '17.0.17'\nDriver info: org.openqa.selenium.chrome.ChromeDriver\nCommand: [8a76efbc150c9c154f6a7ba42c61ddea, sendKeysToElement {value=[Ljava.lang.CharSequence;@2b8d084, id=f.7041400E585B7809DD9D10BA325C813D.d.7A298C52A5E6F766662249AD8AAA9AF6.e.34}]\nCapabilities {acceptInsecureCerts: false, browserName: chrome, browserVersion: 145.0.7632.46, chrome: {chromedriverVersion: 145.0.7632.46 (9b899469dedf..., userDataDir: C:\\Users\\SNEHA~1.SAX\\AppDat...}, fedcm:accounts: true, goog:chromeOptions: {debuggerAddress: localhost:52279}, goog:processID: 17928, networkConnectionEnabled: false, pageLoadStrategy: normal, platformName: windows, proxy: Proxy(), se:cdp: ws://localhost:52279/devtoo..., se:cdpVersion: 145.0.7632.46, setWindowRect: true, strictFileInteractability: false, timeouts: {implicit: 0, pageLoad: 300000, script: 30000}, unhandledPromptBehavior: dismiss and notify, webauthn:extension:credBlob: true, webauthn:extension:largeBlob: true, webauthn:extension:minPinLength: true, webauthn:extension:prf: true, webauthn:virtualAuthenticators: true}\nElement: [[ChromeDriver: chrome on windows (8a76efbc150c9c154f6a7ba42c61ddea)] -> xpath: //input[@placeholder='Search destinations']]\nSession ID: 8a76efbc150c9c154f6a7ba42c61ddea\r\n\tat java.base/jdk.internal.reflect.NativeConstructorAccessorImpl.newInstance0(Native Method)\r\n\tat java.base/jdk.internal.reflect.NativeConstructorAccessorImpl.newInstance(NativeConstructorAccessorImpl.java:77)\r\n\tat java.base/jdk.internal.reflect.DelegatingConstructorAccessorImpl.newInstance(DelegatingConstructorAccessorImpl.java:45)\r\n\tat java.base/java.lang.reflect.Constructor.newInstanceWithCaller(Constructor.java:500)\r\n\tat java.base/java.lang.reflect.Constructor.newInstance(Constructor.java:481)\r\n\tat org.openqa.selenium.remote.ErrorCodec.decode(ErrorCodec.java:167)\r\n\tat org.openqa.selenium.remote.codec.w3c.W3CHttpResponseCodec.decode(W3CHttpResponseCodec.java:142)\r\n\tat org.openqa.selenium.remote.codec.w3c.W3CHttpResponseCodec.decode(W3CHttpResponseCodec.java:49)\r\n\tat org.openqa.selenium.remote.HttpCommandExecutor.execute(HttpCommandExecutor.java:215)\r\n\tat org.openqa.selenium.remote.service.DriverCommandExecutor.invokeExecute(DriverCommandExecutor.java:216)\r\n\tat org.openqa.selenium.remote.service.DriverCommandExecutor.execute(DriverCommandExecutor.java:174)\r\n\tat org.openqa.selenium.remote.RemoteWebDriver.execute(RemoteWebDriver.java:561)\r\n\tat org.openqa.selenium.remote.RemoteWebElement.execute(RemoteWebElement.java:223)\r\n\tat org.openqa.selenium.remote.RemoteWebElement.sendKeys(RemoteWebElement.java:110)\r\n\tat stepDefinitions.AirbnbSearchSteps.user_enters_location(AirbnbSearchSteps.java:26)\r\n\tat ✽.User enters location \"Mumbai\"(file:///C:/Users/Sneha.Saxena/eclipse-workspace/projectCucumberAirbnb/src/test/java/features/AirbnbSearch.feature:7)\r\n"},"stage":"finished","steps":[],"attachments":[],"parameters":[],"start":1770885908057,"stop":1770885908534},{"name":"And  User selects check-in and check-out dates","status":"skipped","statusDetails":{"known":false,"muted":false,"flaky":false},"stage":"finished","steps":[],"attachments":[],"parameters":[],"start":1770885908536,"stop":1770885908536},{"name":"And  User clicks on Search button","status":"skipped","statusDetails":{"known":false,"muted":false,"flaky":false},"stage":"finished","steps":[],"attachments":[],"parameters":[],"start":1770885908536,"stop":1770885908537},{"name":"Then  Search results page should be displayed","status":"skipped","statusDetails":{"known":false,"muted":false,"flaky":false},"stage":"finished","steps":[],"attachments":[],"parameters":[],"start":1770885908537,"stop":1770885908537}],"attachments":[],"parameters":[],"start":1770885897786,"stop":1770885910891}